{"/Users/tylerengel/Desktop/Dice_Bank/bank_v2/app/javascript/components/header/Header.tsx": {"path":"/Users/tylerengel/Desktop/Dice_Bank/bank_v2/app/javascript/components/header/Header.tsx","statementMap":{"0":{"start":{"line":1,"column":0},"end":{"line":1,"column":25}},"1":{"start":{"line":2,"column":0},"end":{"line":2,"column":41}},"2":{"start":{"line":3,"column":0},"end":{"line":3,"column":43}},"3":{"start":{"line":4,"column":0},"end":{"line":4,"column":37}},"4":{"start":{"line":5,"column":0},"end":{"line":5,"column":44}},"5":{"start":{"line":6,"column":0},"end":{"line":6,"column":46}},"6":{"start":{"line":7,"column":0},"end":{"line":7,"column":39}},"7":{"start":{"line":10,"column":19},"end":{"line":10,"column":27}},"8":{"start":{"line":11,"column":19},"end":{"line":11,"column":32}},"9":{"start":{"line":13,"column":2},"end":{"line":36,"column":null}},"10":{"start":{"line":21,"column":27},"end":{"line":21,"column":108}},"11":{"start":{"line":9,"column":0},"end":{"line":9,"column":24}}},"fnMap":{"0":{"name":"Header","decl":{"start":{"line":9,"column":24},"end":{"line":9,"column":30}},"loc":{"start":{"line":9,"column":30},"end":{"line":37,"column":1}}},"1":{"name":"(anonymous_2)","decl":{"start":{"line":21,"column":21},"end":{"line":21,"column":24}},"loc":{"start":{"line":21,"column":27},"end":{"line":21,"column":108}}}},"branchMap":{"0":{"loc":{"start":{"line":21,"column":27},"end":{"line":21,"column":108}},"type":"cond-expr","locations":[{"start":{"line":21,"column":46},"end":{"line":21,"column":88}},{"start":{"line":21,"column":91},"end":{"line":21,"column":108}}]},"1":{"loc":{"start":{"line":25,"column":14},"end":{"line":30,"column":null}},"type":"cond-expr","locations":[{"start":{"line":26,"column":16},"end":{"line":26,"column":30}},{"start":{"line":28,"column":16},"end":{"line":29,"column":null}}]}},"s":{"0":1,"1":1,"2":1,"3":1,"4":1,"5":1,"6":1,"7":6,"8":6,"9":6,"10":2,"11":1},"f":{"0":6,"1":2},"b":{"0":[1,1],"1":[3,3]}}
,"/Users/tylerengel/Desktop/Dice_Bank/bank_v2/app/javascript/components/header/HeaderMenu.tsx": {"path":"/Users/tylerengel/Desktop/Dice_Bank/bank_v2/app/javascript/components/header/HeaderMenu.tsx","statementMap":{"0":{"start":{"line":1,"column":0},"end":{"line":1,"column":39}},"1":{"start":{"line":2,"column":0},"end":{"line":2,"column":49}},"2":{"start":{"line":3,"column":0},"end":{"line":3,"column":61}},"3":{"start":{"line":4,"column":0},"end":{"line":4,"column":45}},"4":{"start":{"line":5,"column":0},"end":{"line":5,"column":37}},"5":{"start":{"line":6,"column":0},"end":{"line":6,"column":46}},"6":{"start":{"line":7,"column":0},"end":{"line":7,"column":47}},"7":{"start":{"line":8,"column":0},"end":{"line":8,"column":39}},"8":{"start":{"line":9,"column":0},"end":{"line":9,"column":56}},"9":{"start":{"line":17,"column":19},"end":{"line":17,"column":32}},"10":{"start":{"line":18,"column":28},"end":{"line":18,"column":36}},"11":{"start":{"line":19,"column":18},"end":{"line":19,"column":30}},"12":{"start":{"line":20,"column":38},"end":{"line":20,"column":72}},"13":{"start":{"line":22,"column":34},"end":{"line":72,"column":null}},"14":{"start":{"line":26,"column":8},"end":{"line":26,"column":null}},"15":{"start":{"line":32,"column":8},"end":{"line":32,"column":null}},"16":{"start":{"line":38,"column":8},"end":{"line":38,"column":null}},"17":{"start":{"line":44,"column":8},"end":{"line":44,"column":null}},"18":{"start":{"line":50,"column":8},"end":{"line":50,"column":null}},"19":{"start":{"line":56,"column":8},"end":{"line":56,"column":null}},"20":{"start":{"line":62,"column":8},"end":{"line":62,"column":null}},"21":{"start":{"line":63,"column":23},"end":{"line":63,"column":null}},"22":{"start":{"line":63,"column":34},"end":{"line":63,"column":null}},"23":{"start":{"line":63,"column":35},"end":{"line":63,"column":null}},"24":{"start":{"line":64,"column":8},"end":{"line":69,"column":null}},"25":{"start":{"line":65,"column":10},"end":{"line":65,"column":null}},"26":{"start":{"line":66,"column":10},"end":{"line":66,"column":null}},"27":{"start":{"line":67,"column":10},"end":{"line":67,"column":null}},"28":{"start":{"line":68,"column":10},"end":{"line":68,"column":null}},"29":{"start":{"line":74,"column":21},"end":{"line":74,"column":58}},"30":{"start":{"line":74,"column":28},"end":{"line":74,"column":58}},"31":{"start":{"line":75,"column":26},"end":{"line":75,"column":51}},"32":{"start":{"line":75,"column":32},"end":{"line":75,"column":51}},"33":{"start":{"line":77,"column":26},"end":{"line":89,"column":3}},"34":{"start":{"line":78,"column":24},"end":{"line":81,"column":5}},"35":{"start":{"line":79,"column":6},"end":{"line":79,"column":null}},"36":{"start":{"line":80,"column":6},"end":{"line":80,"column":null}},"37":{"start":{"line":83,"column":4},"end":{"line":88,"column":null}},"38":{"start":{"line":84,"column":8},"end":{"line":85,"column":null}},"39":{"start":{"line":84,"column":45},"end":{"line":84,"column":65}},"40":{"start":{"line":91,"column":2},"end":{"line":115,"column":null}},"41":{"start":{"line":95,"column":24},"end":{"line":95,"column":37}},"42":{"start":{"line":16,"column":0},"end":{"line":16,"column":24}}},"fnMap":{"0":{"name":"HeaderMenu","decl":{"start":{"line":16,"column":24},"end":{"line":16,"column":34}},"loc":{"start":{"line":16,"column":34},"end":{"line":116,"column":1}}},"1":{"name":"(anonymous_15)","decl":{"start":{"line":25,"column":6},"end":{"line":25,"column":12}},"loc":{"start":{"line":25,"column":12},"end":{"line":27,"column":7}}},"2":{"name":"(anonymous_16)","decl":{"start":{"line":31,"column":6},"end":{"line":31,"column":12}},"loc":{"start":{"line":31,"column":12},"end":{"line":33,"column":7}}},"3":{"name":"(anonymous_17)","decl":{"start":{"line":37,"column":6},"end":{"line":37,"column":12}},"loc":{"start":{"line":37,"column":12},"end":{"line":39,"column":7}}},"4":{"name":"(anonymous_18)","decl":{"start":{"line":43,"column":6},"end":{"line":43,"column":12}},"loc":{"start":{"line":43,"column":12},"end":{"line":45,"column":7}}},"5":{"name":"(anonymous_19)","decl":{"start":{"line":49,"column":6},"end":{"line":49,"column":12}},"loc":{"start":{"line":49,"column":12},"end":{"line":51,"column":7}}},"6":{"name":"(anonymous_20)","decl":{"start":{"line":55,"column":6},"end":{"line":55,"column":12}},"loc":{"start":{"line":55,"column":12},"end":{"line":57,"column":7}}},"7":{"name":"(anonymous_21)","decl":{"start":{"line":61,"column":6},"end":{"line":61,"column":12}},"loc":{"start":{"line":61,"column":12},"end":{"line":70,"column":7}}},"8":{"name":"(anonymous_22)","decl":{"start":{"line":63,"column":23},"end":{"line":63,"column":32}},"loc":{"start":{"line":63,"column":34},"end":{"line":63,"column":null}}},"9":{"name":"(anonymous_23)","decl":{"start":{"line":63,"column":34},"end":{"line":63,"column":35}},"loc":{"start":{"line":63,"column":34},"end":{"line":63,"column":null}}},"10":{"name":"(anonymous_24)","decl":{"start":{"line":64,"column":22},"end":{"line":64,"column":25}},"loc":{"start":{"line":64,"column":27},"end":{"line":69,"column":9}}},"11":{"name":"(anonymous_25)","decl":{"start":{"line":74,"column":21},"end":{"line":74,"column":22}},"loc":{"start":{"line":74,"column":28},"end":{"line":74,"column":58}}},"12":{"name":"(anonymous_26)","decl":{"start":{"line":75,"column":26},"end":{"line":75,"column":29}},"loc":{"start":{"line":75,"column":32},"end":{"line":75,"column":51}}},"13":{"name":"(anonymous_27)","decl":{"start":{"line":77,"column":26},"end":{"line":77,"column":27}},"loc":{"start":{"line":77,"column":50},"end":{"line":89,"column":3}}},"14":{"name":"(anonymous_28)","decl":{"start":{"line":78,"column":24},"end":{"line":78,"column":25}},"loc":{"start":{"line":78,"column":38},"end":{"line":81,"column":5}}},"15":{"name":"(anonymous_29)","decl":{"start":{"line":83,"column":25},"end":{"line":83,"column":26}},"loc":{"start":{"line":84,"column":8},"end":{"line":85,"column":null}}},"16":{"name":"(anonymous_30)","decl":{"start":{"line":84,"column":39},"end":{"line":84,"column":42}},"loc":{"start":{"line":84,"column":45},"end":{"line":84,"column":65}}},"17":{"name":"(anonymous_31)","decl":{"start":{"line":95,"column":17},"end":{"line":95,"column":18}},"loc":{"start":{"line":95,"column":24},"end":{"line":95,"column":37}}}},"branchMap":{},"s":{"0":1,"1":1,"2":1,"3":1,"4":1,"5":1,"6":1,"7":1,"8":1,"9":4,"10":4,"11":4,"12":4,"13":4,"14":0,"15":0,"16":0,"17":0,"18":0,"19":0,"20":0,"21":0,"22":0,"23":0,"24":0,"25":0,"26":0,"27":0,"28":0,"29":4,"30":1,"31":4,"32":0,"33":4,"34":4,"35":0,"36":0,"37":4,"38":28,"39":0,"40":4,"41":1,"42":1},"f":{"0":4,"1":0,"2":0,"3":0,"4":0,"5":0,"6":0,"7":0,"8":0,"9":0,"10":0,"11":1,"12":0,"13":4,"14":0,"15":28,"16":0,"17":1},"b":{}}
,"/Users/tylerengel/Desktop/Dice_Bank/bank_v2/app/javascript/components/home_page/HeroImg.tsx": {"path":"/Users/tylerengel/Desktop/Dice_Bank/bank_v2/app/javascript/components/home_page/HeroImg.tsx","statementMap":{"0":{"start":{"line":1,"column":0},"end":{"line":1,"column":25}},"1":{"start":{"line":2,"column":0},"end":{"line":2,"column":39}},"2":{"start":{"line":5,"column":20},"end":{"line":5,"column":78}},"3":{"start":{"line":5,"column":36},"end":{"line":5,"column":77}},"4":{"start":{"line":7,"column":2},"end":{"line":28,"column":null}},"5":{"start":{"line":4,"column":0},"end":{"line":4,"column":24}}},"fnMap":{"0":{"name":"HeroImg","decl":{"start":{"line":4,"column":24},"end":{"line":4,"column":31}},"loc":{"start":{"line":4,"column":31},"end":{"line":29,"column":1}}},"1":{"name":"(anonymous_2)","decl":{"start":{"line":5,"column":20},"end":{"line":5,"column":21}},"loc":{"start":{"line":5,"column":36},"end":{"line":5,"column":77}}}},"branchMap":{},"s":{"0":2,"1":2,"2":2,"3":6,"4":2,"5":2},"f":{"0":2,"1":6},"b":{}}
,"/Users/tylerengel/Desktop/Dice_Bank/bank_v2/app/javascript/components/home_page/HomePage.tsx": {"path":"/Users/tylerengel/Desktop/Dice_Bank/bank_v2/app/javascript/components/home_page/HomePage.tsx","statementMap":{"0":{"start":{"line":1,"column":0},"end":{"line":1,"column":25}},"1":{"start":{"line":2,"column":0},"end":{"line":2,"column":31}},"2":{"start":{"line":3,"column":0},"end":{"line":3,"column":43}},"3":{"start":{"line":7,"column":1},"end":{"line":12,"column":null}},"4":{"start":{"line":5,"column":0},"end":{"line":5,"column":24}}},"fnMap":{"0":{"name":"HomePage","decl":{"start":{"line":5,"column":24},"end":{"line":5,"column":32}},"loc":{"start":{"line":5,"column":32},"end":{"line":13,"column":1}}}},"branchMap":{},"s":{"0":1,"1":1,"2":1,"3":1,"4":1},"f":{"0":1},"b":{}}
,"/Users/tylerengel/Desktop/Dice_Bank/bank_v2/app/javascript/components/home_page/ServiceBlurbs.tsx": {"path":"/Users/tylerengel/Desktop/Dice_Bank/bank_v2/app/javascript/components/home_page/ServiceBlurbs.tsx","statementMap":{"0":{"start":{"line":1,"column":0},"end":{"line":1,"column":50}},"1":{"start":{"line":2,"column":0},"end":{"line":2,"column":49}},"2":{"start":{"line":4,"column":0},"end":{"line":4,"column":37}},"3":{"start":{"line":5,"column":0},"end":{"line":5,"column":46}},"4":{"start":{"line":9,"column":39},"end":{"line":9,"column":52}},"5":{"start":{"line":10,"column":39},"end":{"line":10,"column":93}},"6":{"start":{"line":12,"column":1},"end":{"line":12,"column":null}},"7":{"start":{"line":12,"column":19},"end":{"line":12,"column":99}},"8":{"start":{"line":12,"column":70},"end":{"line":12,"column":99}},"9":{"start":{"line":14,"column":2},"end":{"line":31,"column":null}},"10":{"start":{"line":22,"column":14},"end":{"line":24,"column":null}},"11":{"start":{"line":8,"column":0},"end":{"line":8,"column":24}},"12":{"start":{"line":36,"column":18},"end":{"line":36,"column":31}},"13":{"start":{"line":37,"column":21},"end":{"line":37,"column":88}},"14":{"start":{"line":37,"column":27},"end":{"line":37,"column":88}},"15":{"start":{"line":39,"column":1},"end":{"line":62,"column":null}}},"fnMap":{"0":{"name":"ServiceBlurbs","decl":{"start":{"line":8,"column":24},"end":{"line":8,"column":37}},"loc":{"start":{"line":8,"column":54},"end":{"line":32,"column":1}}},"1":{"name":"(anonymous_8)","decl":{"start":{"line":12,"column":11},"end":{"line":12,"column":14}},"loc":{"start":{"line":12,"column":16},"end":{"line":12,"column":99}}},"2":{"name":"(anonymous_9)","decl":{"start":{"line":21,"column":26},"end":{"line":21,"column":27}},"loc":{"start":{"line":22,"column":14},"end":{"line":24,"column":null}}},"3":{"name":"ServiceCard","decl":{"start":{"line":35,"column":9},"end":{"line":35,"column":20}},"loc":{"start":{"line":35,"column":47},"end":{"line":63,"column":1}}},"4":{"name":"(anonymous_11)","decl":{"start":{"line":37,"column":21},"end":{"line":37,"column":24}},"loc":{"start":{"line":37,"column":27},"end":{"line":37,"column":88}}}},"branchMap":{"0":{"loc":{"start":{"line":10,"column":59},"end":{"line":10,"column":92}},"type":"binary-expr","locations":[{"start":{"line":10,"column":59},"end":{"line":10,"column":76}},{"start":{"line":10,"column":80},"end":{"line":10,"column":92}}]},"1":{"loc":{"start":{"line":12,"column":19},"end":{"line":12,"column":99}},"type":"if","locations":[{"start":{"line":12,"column":19},"end":{"line":12,"column":99}}]},"2":{"loc":{"start":{"line":12,"column":22},"end":{"line":12,"column":68}},"type":"binary-expr","locations":[{"start":{"line":12,"column":22},"end":{"line":12,"column":46}},{"start":{"line":12,"column":50},"end":{"line":12,"column":68}}]},"3":{"loc":{"start":{"line":43,"column":5},"end":{"line":50,"column":null}},"type":"binary-expr","locations":[{"start":{"line":43,"column":5},"end":{"line":43,"column":46}},{"start":{"line":44,"column":6},"end":{"line":49,"column":null}}]}},"s":{"0":2,"1":2,"2":2,"3":2,"4":2,"5":2,"6":2,"7":2,"8":0,"9":2,"10":0,"11":2,"12":0,"13":0,"14":0,"15":0},"f":{"0":2,"1":2,"2":0,"3":0,"4":0},"b":{"0":[2,2],"1":[0],"2":[2,0],"3":[0,0]}}
,"/Users/tylerengel/Desktop/Dice_Bank/bank_v2/app/javascript/components/login/LoginForm.tsx": {"path":"/Users/tylerengel/Desktop/Dice_Bank/bank_v2/app/javascript/components/login/LoginForm.tsx","statementMap":{"0":{"start":{"line":1,"column":0},"end":{"line":1,"column":98}},"1":{"start":{"line":2,"column":0},"end":{"line":2,"column":47}},"2":{"start":{"line":3,"column":0},"end":{"line":3,"column":46}},"3":{"start":{"line":4,"column":0},"end":{"line":4,"column":47}},"4":{"start":{"line":5,"column":0},"end":{"line":5,"column":39}},"5":{"start":{"line":9,"column":22},"end":{"line":9,"column":30}},"6":{"start":{"line":10,"column":19},"end":{"line":10,"column":32}},"7":{"start":{"line":11,"column":18},"end":{"line":11,"column":30}},"8":{"start":{"line":13,"column":27},"end":{"line":13,"column":53}},"9":{"start":{"line":14,"column":44},"end":{"line":14,"column":68}},"10":{"start":{"line":16,"column":27},"end":{"line":16,"column":53}},"11":{"start":{"line":17,"column":44},"end":{"line":17,"column":68}},"12":{"start":{"line":19,"column":44},"end":{"line":19,"column":64}},"13":{"start":{"line":21,"column":31},"end":{"line":21,"column":83}},"14":{"start":{"line":21,"column":36},"end":{"line":21,"column":83}},"15":{"start":{"line":22,"column":31},"end":{"line":22,"column":83}},"16":{"start":{"line":22,"column":36},"end":{"line":22,"column":83}},"17":{"start":{"line":24,"column":22},"end":{"line":30,"column":3}},"18":{"start":{"line":25,"column":4},"end":{"line":28,"column":null}},"19":{"start":{"line":26,"column":6},"end":{"line":26,"column":null}},"20":{"start":{"line":27,"column":6},"end":{"line":27,"column":null}},"21":{"start":{"line":29,"column":4},"end":{"line":29,"column":null}},"22":{"start":{"line":32,"column":23},"end":{"line":54,"column":null}},"23":{"start":{"line":32,"column":33},"end":{"line":54,"column":null}},"24":{"start":{"line":33,"column":4},"end":{"line":33,"column":null}},"25":{"start":{"line":34,"column":4},"end":{"line":34,"column":76}},"26":{"start":{"line":34,"column":70},"end":{"line":34,"column":76}},"27":{"start":{"line":35,"column":4},"end":{"line":35,"column":76}},"28":{"start":{"line":35,"column":70},"end":{"line":35,"column":76}},"29":{"start":{"line":37,"column":19},"end":{"line":45,"column":7}},"30":{"start":{"line":47,"column":4},"end":{"line":47,"column":null}},"31":{"start":{"line":47,"column":21},"end":{"line":47,"column":null}},"32":{"start":{"line":48,"column":70},"end":{"line":48,"column":74}},"33":{"start":{"line":50,"column":4},"end":{"line":50,"column":null}},"34":{"start":{"line":50,"column":20},"end":{"line":50,"column":null}},"35":{"start":{"line":51,"column":4},"end":{"line":51,"column":null}},"36":{"start":{"line":52,"column":4},"end":{"line":52,"column":null}},"37":{"start":{"line":53,"column":4},"end":{"line":53,"column":null}},"38":{"start":{"line":56,"column":2},"end":{"line":104,"column":null}},"39":{"start":{"line":8,"column":0},"end":{"line":8,"column":24}}},"fnMap":{"0":{"name":"LoginForm","decl":{"start":{"line":8,"column":24},"end":{"line":8,"column":33}},"loc":{"start":{"line":8,"column":60},"end":{"line":105,"column":1}}},"1":{"name":"(anonymous_15)","decl":{"start":{"line":21,"column":31},"end":{"line":21,"column":32}},"loc":{"start":{"line":21,"column":36},"end":{"line":21,"column":83}}},"2":{"name":"(anonymous_16)","decl":{"start":{"line":22,"column":31},"end":{"line":22,"column":32}},"loc":{"start":{"line":22,"column":36},"end":{"line":22,"column":83}}},"3":{"name":"(anonymous_17)","decl":{"start":{"line":24,"column":22},"end":{"line":24,"column":23}},"loc":{"start":{"line":24,"column":53},"end":{"line":30,"column":3}}},"4":{"name":"(anonymous_18)","decl":{"start":{"line":32,"column":23},"end":{"line":32,"column":29}},"loc":{"start":{"line":32,"column":33},"end":{"line":54,"column":null}}},"5":{"name":"(anonymous_19)","decl":{"start":{"line":32,"column":33},"end":{"line":32,"column":null}},"loc":{"start":{"line":32,"column":33},"end":{"line":54,"column":3}}}},"branchMap":{"0":{"loc":{"start":{"line":25,"column":4},"end":{"line":28,"column":null}},"type":"if","locations":[{"start":{"line":25,"column":4},"end":{"line":28,"column":null}}]},"1":{"loc":{"start":{"line":25,"column":8},"end":{"line":25,"column":26}},"type":"binary-expr","locations":[{"start":{"line":25,"column":8},"end":{"line":25,"column":18}},{"start":{"line":25,"column":22},"end":{"line":25,"column":26}}]},"2":{"loc":{"start":{"line":34,"column":4},"end":{"line":34,"column":76}},"type":"if","locations":[{"start":{"line":34,"column":4},"end":{"line":34,"column":76}}]},"3":{"loc":{"start":{"line":35,"column":4},"end":{"line":35,"column":76}},"type":"if","locations":[{"start":{"line":35,"column":4},"end":{"line":35,"column":76}}]},"4":{"loc":{"start":{"line":47,"column":4},"end":{"line":47,"column":null}},"type":"if","locations":[{"start":{"line":47,"column":4},"end":{"line":47,"column":null}}]},"5":{"loc":{"start":{"line":47,"column":8},"end":{"line":47,"column":19}},"type":"cond-expr","locations":[{"start":{"line":47,"column":12},"end":{"line":47,"column":14}},{"start":{"line":47,"column":8},"end":{"line":47,"column":19}}]},"6":{"loc":{"start":{"line":47,"column":8},"end":{"line":47,"column":14}},"type":"binary-expr","locations":[{"start":{"line":47,"column":8},"end":{"line":47,"column":14}},{"start":{"line":47,"column":8},"end":{"line":47,"column":14}}]},"7":{"loc":{"start":{"line":47,"column":45},"end":{"line":47,"column":56}},"type":"cond-expr","locations":[{"start":{"line":47,"column":49},"end":{"line":47,"column":51}},{"start":{"line":47,"column":45},"end":{"line":47,"column":56}}]},"8":{"loc":{"start":{"line":47,"column":45},"end":{"line":47,"column":51}},"type":"binary-expr","locations":[{"start":{"line":47,"column":45},"end":{"line":47,"column":51}},{"start":{"line":47,"column":45},"end":{"line":47,"column":51}}]},"9":{"loc":{"start":{"line":50,"column":4},"end":{"line":50,"column":null}},"type":"if","locations":[{"start":{"line":50,"column":4},"end":{"line":50,"column":null}}]},"10":{"loc":{"start":{"line":90,"column":8},"end":{"line":99,"column":null}},"type":"binary-expr","locations":[{"start":{"line":90,"column":8},"end":{"line":90,"column":28}},{"start":{"line":91,"column":10},"end":{"line":98,"column":null}}]}},"s":{"0":3,"1":3,"2":3,"3":3,"4":3,"5":9,"6":9,"7":9,"8":9,"9":9,"10":9,"11":9,"12":9,"13":9,"14":2,"15":9,"16":2,"17":9,"18":4,"19":0,"20":0,"21":4,"22":9,"23":2,"24":2,"25":2,"26":0,"27":2,"28":0,"29":2,"30":2,"31":0,"32":2,"33":2,"34":0,"35":2,"36":2,"37":2,"38":9,"39":3},"f":{"0":9,"1":2,"2":2,"3":4,"4":2,"5":2},"b":{"0":[0],"1":[4,4],"2":[0],"3":[0],"4":[0],"5":[0,2],"6":[2,2],"7":[0,0],"8":[0,0],"9":[0],"10":[9,0]}}
,"/Users/tylerengel/Desktop/Dice_Bank/bank_v2/app/javascript/components/login/LoginModal.tsx": {"path":"/Users/tylerengel/Desktop/Dice_Bank/bank_v2/app/javascript/components/login/LoginModal.tsx","statementMap":{"0":{"start":{"line":1,"column":0},"end":{"line":1,"column":64}},"1":{"start":{"line":2,"column":0},"end":{"line":2,"column":39}},"2":{"start":{"line":3,"column":0},"end":{"line":3,"column":35}},"3":{"start":{"line":4,"column":0},"end":{"line":4,"column":41}},"4":{"start":{"line":7,"column":26},"end":{"line":7,"column":50}},"5":{"start":{"line":8,"column":34},"end":{"line":8,"column":73}},"6":{"start":{"line":10,"column":23},"end":{"line":10,"column":51}},"7":{"start":{"line":10,"column":29},"end":{"line":10,"column":51}},"8":{"start":{"line":11,"column":22},"end":{"line":11,"column":42}},"9":{"start":{"line":11,"column":28},"end":{"line":11,"column":42}},"10":{"start":{"line":13,"column":2},"end":{"line":58,"column":null}},"11":{"start":{"line":18,"column":23},"end":{"line":18,"column":36}},"12":{"start":{"line":6,"column":0},"end":{"line":6,"column":24}}},"fnMap":{"0":{"name":"LoginModal","decl":{"start":{"line":6,"column":24},"end":{"line":6,"column":34}},"loc":{"start":{"line":6,"column":59},"end":{"line":59,"column":1}}},"1":{"name":"(anonymous_8)","decl":{"start":{"line":10,"column":23},"end":{"line":10,"column":26}},"loc":{"start":{"line":10,"column":29},"end":{"line":10,"column":51}}},"2":{"name":"(anonymous_9)","decl":{"start":{"line":11,"column":22},"end":{"line":11,"column":25}},"loc":{"start":{"line":11,"column":28},"end":{"line":11,"column":42}}},"3":{"name":"(anonymous_10)","decl":{"start":{"line":18,"column":17},"end":{"line":18,"column":20}},"loc":{"start":{"line":18,"column":23},"end":{"line":18,"column":36}}}},"branchMap":{"0":{"loc":{"start":{"line":8,"column":52},"end":{"line":8,"column":72}},"type":"binary-expr","locations":[{"start":{"line":8,"column":52},"end":{"line":8,"column":55}},{"start":{"line":8,"column":59},"end":{"line":8,"column":63}},{"start":{"line":8,"column":67},"end":{"line":8,"column":72}}]},"1":{"loc":{"start":{"line":32,"column":46},"end":{"line":32,"column":77}},"type":"cond-expr","locations":[{"start":{"line":32,"column":57},"end":{"line":32,"column":67}},{"start":{"line":32,"column":70},"end":{"line":32,"column":77}}]},"2":{"loc":{"start":{"line":36,"column":16},"end":{"line":39,"column":null}},"type":"cond-expr","locations":[{"start":{"line":37,"column":18},"end":{"line":37,"column":59}},{"start":{"line":39,"column":18},"end":{"line":39,"column":56}}]},"3":{"loc":{"start":{"line":43,"column":17},"end":{"line":43,"column":49}},"type":"cond-expr","locations":[{"start":{"line":43,"column":28},"end":{"line":43,"column":34}},{"start":{"line":43,"column":37},"end":{"line":43,"column":49}}]},"4":{"loc":{"start":{"line":45,"column":17},"end":{"line":45,"column":50}},"type":"cond-expr","locations":[{"start":{"line":45,"column":28},"end":{"line":45,"column":36}},{"start":{"line":45,"column":39},"end":{"line":45,"column":50}}]}},"s":{"0":2,"1":2,"2":2,"3":2,"4":13,"5":13,"6":13,"7":2,"8":13,"9":1,"10":13,"11":4,"12":2},"f":{"0":13,"1":2,"2":1,"3":4},"b":{"0":[13,0,13],"1":[1,12],"2":[1,12],"3":[1,12],"4":[1,12]}}
,"/Users/tylerengel/Desktop/Dice_Bank/bank_v2/app/javascript/components/login/RegisterForm.tsx": {"path":"/Users/tylerengel/Desktop/Dice_Bank/bank_v2/app/javascript/components/login/RegisterForm.tsx","statementMap":{"0":{"start":{"line":1,"column":0},"end":{"line":1,"column":98}},"1":{"start":{"line":2,"column":0},"end":{"line":2,"column":47}},"2":{"start":{"line":3,"column":0},"end":{"line":3,"column":46}},"3":{"start":{"line":4,"column":0},"end":{"line":4,"column":47}},"4":{"start":{"line":5,"column":0},"end":{"line":5,"column":39}},"5":{"start":{"line":9,"column":22},"end":{"line":9,"column":30}},"6":{"start":{"line":10,"column":19},"end":{"line":10,"column":32}},"7":{"start":{"line":11,"column":18},"end":{"line":11,"column":30}},"8":{"start":{"line":13,"column":27},"end":{"line":13,"column":53}},"9":{"start":{"line":14,"column":44},"end":{"line":14,"column":68}},"10":{"start":{"line":16,"column":30},"end":{"line":16,"column":56}},"11":{"start":{"line":17,"column":50},"end":{"line":17,"column":74}},"12":{"start":{"line":19,"column":27},"end":{"line":19,"column":53}},"13":{"start":{"line":20,"column":44},"end":{"line":20,"column":68}},"14":{"start":{"line":22,"column":44},"end":{"line":22,"column":64}},"15":{"start":{"line":24,"column":31},"end":{"line":24,"column":83}},"16":{"start":{"line":24,"column":36},"end":{"line":24,"column":83}},"17":{"start":{"line":25,"column":31},"end":{"line":25,"column":83}},"18":{"start":{"line":25,"column":36},"end":{"line":25,"column":83}},"19":{"start":{"line":26,"column":34},"end":{"line":26,"column":89}},"20":{"start":{"line":26,"column":39},"end":{"line":26,"column":89}},"21":{"start":{"line":28,"column":22},"end":{"line":34,"column":3}},"22":{"start":{"line":29,"column":4},"end":{"line":32,"column":null}},"23":{"start":{"line":30,"column":6},"end":{"line":30,"column":null}},"24":{"start":{"line":31,"column":6},"end":{"line":31,"column":null}},"25":{"start":{"line":33,"column":4},"end":{"line":33,"column":null}},"26":{"start":{"line":36,"column":23},"end":{"line":63,"column":null}},"27":{"start":{"line":36,"column":35},"end":{"line":63,"column":null}},"28":{"start":{"line":37,"column":4},"end":{"line":37,"column":null}},"29":{"start":{"line":38,"column":4},"end":{"line":38,"column":76}},"30":{"start":{"line":38,"column":70},"end":{"line":38,"column":76}},"31":{"start":{"line":39,"column":4},"end":{"line":39,"column":82}},"32":{"start":{"line":39,"column":76},"end":{"line":39,"column":82}},"33":{"start":{"line":40,"column":4},"end":{"line":40,"column":76}},"34":{"start":{"line":40,"column":70},"end":{"line":40,"column":76}},"35":{"start":{"line":42,"column":19},"end":{"line":53,"column":null}},"36":{"start":{"line":56,"column":4},"end":{"line":56,"column":null}},"37":{"start":{"line":56,"column":19},"end":{"line":56,"column":null}},"38":{"start":{"line":57,"column":70},"end":{"line":57,"column":74}},"39":{"start":{"line":59,"column":4},"end":{"line":59,"column":null}},"40":{"start":{"line":59,"column":20},"end":{"line":59,"column":null}},"41":{"start":{"line":60,"column":4},"end":{"line":60,"column":null}},"42":{"start":{"line":61,"column":4},"end":{"line":61,"column":null}},"43":{"start":{"line":62,"column":4},"end":{"line":62,"column":null}},"44":{"start":{"line":65,"column":2},"end":{"line":129,"column":null}},"45":{"start":{"line":8,"column":0},"end":{"line":8,"column":24}}},"fnMap":{"0":{"name":"RegisterForm","decl":{"start":{"line":8,"column":24},"end":{"line":8,"column":36}},"loc":{"start":{"line":8,"column":63},"end":{"line":130,"column":1}}},"1":{"name":"(anonymous_15)","decl":{"start":{"line":24,"column":31},"end":{"line":24,"column":32}},"loc":{"start":{"line":24,"column":36},"end":{"line":24,"column":83}}},"2":{"name":"(anonymous_16)","decl":{"start":{"line":25,"column":31},"end":{"line":25,"column":32}},"loc":{"start":{"line":25,"column":36},"end":{"line":25,"column":83}}},"3":{"name":"(anonymous_17)","decl":{"start":{"line":26,"column":34},"end":{"line":26,"column":35}},"loc":{"start":{"line":26,"column":39},"end":{"line":26,"column":89}}},"4":{"name":"(anonymous_18)","decl":{"start":{"line":28,"column":22},"end":{"line":28,"column":23}},"loc":{"start":{"line":28,"column":53},"end":{"line":34,"column":3}}},"5":{"name":"(anonymous_19)","decl":{"start":{"line":36,"column":23},"end":{"line":36,"column":30}},"loc":{"start":{"line":36,"column":35},"end":{"line":63,"column":null}}},"6":{"name":"(anonymous_20)","decl":{"start":{"line":36,"column":35},"end":{"line":36,"column":null}},"loc":{"start":{"line":36,"column":35},"end":{"line":63,"column":3}}}},"branchMap":{"0":{"loc":{"start":{"line":29,"column":4},"end":{"line":32,"column":null}},"type":"if","locations":[{"start":{"line":29,"column":4},"end":{"line":32,"column":null}}]},"1":{"loc":{"start":{"line":29,"column":8},"end":{"line":29,"column":26}},"type":"binary-expr","locations":[{"start":{"line":29,"column":8},"end":{"line":29,"column":18}},{"start":{"line":29,"column":22},"end":{"line":29,"column":26}}]},"2":{"loc":{"start":{"line":38,"column":4},"end":{"line":38,"column":76}},"type":"if","locations":[{"start":{"line":38,"column":4},"end":{"line":38,"column":76}}]},"3":{"loc":{"start":{"line":39,"column":4},"end":{"line":39,"column":82}},"type":"if","locations":[{"start":{"line":39,"column":4},"end":{"line":39,"column":82}}]},"4":{"loc":{"start":{"line":40,"column":4},"end":{"line":40,"column":76}},"type":"if","locations":[{"start":{"line":40,"column":4},"end":{"line":40,"column":76}}]},"5":{"loc":{"start":{"line":56,"column":4},"end":{"line":56,"column":null}},"type":"if","locations":[{"start":{"line":56,"column":4},"end":{"line":56,"column":null}}]},"6":{"loc":{"start":{"line":59,"column":4},"end":{"line":59,"column":null}},"type":"if","locations":[{"start":{"line":59,"column":4},"end":{"line":59,"column":null}}]},"7":{"loc":{"start":{"line":115,"column":8},"end":{"line":124,"column":null}},"type":"binary-expr","locations":[{"start":{"line":115,"column":8},"end":{"line":115,"column":28}},{"start":{"line":116,"column":10},"end":{"line":123,"column":null}}]}},"s":{"0":3,"1":3,"2":3,"3":3,"4":3,"5":5,"6":5,"7":5,"8":5,"9":5,"10":5,"11":5,"12":5,"13":5,"14":5,"15":5,"16":2,"17":5,"18":2,"19":5,"20":2,"21":5,"22":6,"23":0,"24":0,"25":6,"26":5,"27":2,"28":2,"29":2,"30":0,"31":2,"32":0,"33":2,"34":0,"35":2,"36":2,"37":0,"38":2,"39":2,"40":0,"41":2,"42":2,"43":2,"44":5,"45":3},"f":{"0":5,"1":2,"2":2,"3":2,"4":6,"5":2,"6":2},"b":{"0":[0],"1":[6,6],"2":[0],"3":[0],"4":[0],"5":[0],"6":[0],"7":[5,0]}}
,"/Users/tylerengel/Desktop/Dice_Bank/bank_v2/app/javascript/contexts/AppProvider.tsx": {"path":"/Users/tylerengel/Desktop/Dice_Bank/bank_v2/app/javascript/contexts/AppProvider.tsx","statementMap":{"0":{"start":{"line":1,"column":0},"end":{"line":1,"column":65}},"1":{"start":{"line":2,"column":0},"end":{"line":2,"column":44}},"2":{"start":{"line":23,"column":18},"end":{"line":23,"column":22}},"3":{"start":{"line":24,"column":31},"end":{"line":24,"column":54}},"4":{"start":{"line":25,"column":24},"end":{"line":25,"column":40}},"5":{"start":{"line":25,"column":32},"end":{"line":25,"column":38}},"6":{"start":{"line":27,"column":13},"end":{"line":27,"column":60}},"7":{"start":{"line":28,"column":13},"end":{"line":33,"column":null}},"8":{"start":{"line":34,"column":19},"end":{"line":34,"column":35}},"9":{"start":{"line":34,"column":27},"end":{"line":34,"column":33}},"10":{"start":{"line":35,"column":13},"end":{"line":35,"column":null}},"11":{"start":{"line":36,"column":19},"end":{"line":36,"column":69}},"12":{"start":{"line":40,"column":27},"end":{"line":87,"column":1}},"13":{"start":{"line":41,"column":36},"end":{"line":41,"column":59}},"14":{"start":{"line":42,"column":38},"end":{"line":42,"column":83}},"15":{"start":{"line":43,"column":26},"end":{"line":43,"column":53}},"16":{"start":{"line":44,"column":18},"end":{"line":44,"column":30}},"17":{"start":{"line":46,"column":30},"end":{"line":50,"column":3}},"18":{"start":{"line":47,"column":18},"end":{"line":47,"column":35}},"19":{"start":{"line":48,"column":19},"end":{"line":48,"column":37}},"20":{"start":{"line":49,"column":4},"end":{"line":49,"column":null}},"21":{"start":{"line":52,"column":18},"end":{"line":63,"column":null}},"22":{"start":{"line":52,"column":29},"end":{"line":63,"column":null}},"23":{"start":{"line":53,"column":4},"end":{"line":53,"column":24}},"24":{"start":{"line":53,"column":18},"end":{"line":53,"column":24}},"25":{"start":{"line":54,"column":4},"end":{"line":62,"column":null}},"26":{"start":{"line":55,"column":21},"end":{"line":55,"column":76}},"27":{"start":{"line":56,"column":6},"end":{"line":56,"column":null}},"28":{"start":{"line":56,"column":21},"end":{"line":56,"column":null}},"29":{"start":{"line":57,"column":72},"end":{"line":57,"column":76}},"30":{"start":{"line":58,"column":6},"end":{"line":58,"column":null}},"31":{"start":{"line":60,"column":6},"end":{"line":60,"column":null}},"32":{"start":{"line":61,"column":6},"end":{"line":61,"column":null}},"33":{"start":{"line":65,"column":2},"end":{"line":72,"column":null}},"34":{"start":{"line":66,"column":4},"end":{"line":66,"column":null}},"35":{"start":{"line":67,"column":4},"end":{"line":67,"column":null}},"36":{"start":{"line":68,"column":4},"end":{"line":68,"column":null}},"37":{"start":{"line":69,"column":4},"end":{"line":71,"column":null}},"38":{"start":{"line":70,"column":6},"end":{"line":70,"column":null}},"39":{"start":{"line":74,"column":41},"end":{"line":80,"column":null}},"40":{"start":{"line":82,"column":2},"end":{"line":86,"column":null}},"41":{"start":{"line":40,"column":13},"end":{"line":40,"column":27}},"42":{"start":{"line":89,"column":0},"end":{"line":89,"column":null}}},"fnMap":{"0":{"name":"(anonymous_14)","decl":{"start":{"line":25,"column":24},"end":{"line":25,"column":27}},"loc":{"start":{"line":25,"column":29},"end":{"line":25,"column":40}}},"1":{"name":"(anonymous_15)","decl":{"start":{"line":34,"column":19},"end":{"line":34,"column":22}},"loc":{"start":{"line":34,"column":24},"end":{"line":34,"column":35}}},"2":{"name":"(anonymous_16)","decl":{"start":{"line":40,"column":27},"end":{"line":40,"column":28}},"loc":{"start":{"line":40,"column":77},"end":{"line":87,"column":1}}},"3":{"name":"(anonymous_17)","decl":{"start":{"line":46,"column":30},"end":{"line":46,"column":33}},"loc":{"start":{"line":46,"column":35},"end":{"line":50,"column":3}}},"4":{"name":"(anonymous_18)","decl":{"start":{"line":52,"column":18},"end":{"line":52,"column":27}},"loc":{"start":{"line":52,"column":29},"end":{"line":63,"column":null}}},"5":{"name":"(anonymous_19)","decl":{"start":{"line":52,"column":29},"end":{"line":52,"column":null}},"loc":{"start":{"line":52,"column":29},"end":{"line":63,"column":3}}},"6":{"name":"(anonymous_20)","decl":{"start":{"line":65,"column":12},"end":{"line":65,"column":15}},"loc":{"start":{"line":65,"column":17},"end":{"line":72,"column":3}}},"7":{"name":"(anonymous_21)","decl":{"start":{"line":69,"column":11},"end":{"line":69,"column":14}},"loc":{"start":{"line":69,"column":16},"end":{"line":71,"column":5}}}},"branchMap":{"0":{"loc":{"start":{"line":29,"column":6},"end":{"line":29,"column":38}},"type":"cond-expr","locations":[{"start":{"line":29,"column":27},"end":{"line":29,"column":31}},{"start":{"line":29,"column":34},"end":{"line":29,"column":38}}]},"1":{"loc":{"start":{"line":32,"column":8},"end":{"line":32,"column":55}},"type":"cond-expr","locations":[{"start":{"line":32,"column":29},"end":{"line":32,"column":43}},{"start":{"line":32,"column":46},"end":{"line":32,"column":55}}]},"2":{"loc":{"start":{"line":53,"column":4},"end":{"line":53,"column":24}},"type":"if","locations":[{"start":{"line":53,"column":4},"end":{"line":53,"column":24}}]},"3":{"loc":{"start":{"line":56,"column":6},"end":{"line":56,"column":null}},"type":"if","locations":[{"start":{"line":56,"column":6},"end":{"line":56,"column":null}}]}},"s":{"0":6,"1":6,"2":6,"3":6,"4":6,"5":0,"6":6,"7":6,"8":6,"9":4,"10":6,"11":6,"12":6,"13":0,"14":0,"15":0,"16":0,"17":0,"18":0,"19":0,"20":0,"21":0,"22":0,"23":0,"24":0,"25":0,"26":0,"27":0,"28":0,"29":0,"30":0,"31":0,"32":0,"33":0,"34":0,"35":0,"36":0,"37":0,"38":0,"39":0,"40":0,"41":6,"42":6},"f":{"0":0,"1":4,"2":0,"3":0,"4":0,"5":0,"6":0,"7":0},"b":{"0":[6,0],"1":[6,0],"2":[0],"3":[0]}}
,"/Users/tylerengel/Desktop/Dice_Bank/bank_v2/app/javascript/contexts/HomePageProvider.tsx": {"path":"/Users/tylerengel/Desktop/Dice_Bank/bank_v2/app/javascript/contexts/HomePageProvider.tsx","statementMap":{"0":{"start":{"line":1,"column":0},"end":{"line":1,"column":65}},"1":{"start":{"line":2,"column":0},"end":{"line":2,"column":36}},"2":{"start":{"line":3,"column":0},"end":{"line":3,"column":44}},"3":{"start":{"line":14,"column":31},"end":{"line":14,"column":33}},"4":{"start":{"line":15,"column":24},"end":{"line":15,"column":54}},"5":{"start":{"line":18,"column":32},"end":{"line":43,"column":1}},"6":{"start":{"line":19,"column":37},"end":{"line":19,"column":45}},"7":{"start":{"line":20,"column":39},"end":{"line":20,"column":62}},"8":{"start":{"line":21,"column":17},"end":{"line":21,"column":29}},"9":{"start":{"line":23,"column":24},"end":{"line":30,"column":null}},"10":{"start":{"line":23,"column":35},"end":{"line":30,"column":null}},"11":{"start":{"line":24,"column":17},"end":{"line":24,"column":67}},"12":{"start":{"line":25,"column":40},"end":{"line":26,"column":null}},"13":{"start":{"line":26,"column":67},"end":{"line":26,"column":108}},"14":{"start":{"line":29,"column":2},"end":{"line":29,"column":null}},"15":{"start":{"line":32,"column":1},"end":{"line":35,"column":null}},"16":{"start":{"line":33,"column":2},"end":{"line":33,"column":null}},"17":{"start":{"line":34,"column":2},"end":{"line":34,"column":null}},"18":{"start":{"line":34,"column":30},"end":{"line":34,"column":49}},"19":{"start":{"line":37,"column":1},"end":{"line":37,"column":null}},"20":{"start":{"line":37,"column":16},"end":{"line":37,"column":null}},"21":{"start":{"line":38,"column":2},"end":{"line":42,"column":null}},"22":{"start":{"line":18,"column":13},"end":{"line":18,"column":32}},"23":{"start":{"line":45,"column":0},"end":{"line":45,"column":null}}},"fnMap":{"0":{"name":"(anonymous_14)","decl":{"start":{"line":18,"column":32},"end":{"line":18,"column":33}},"loc":{"start":{"line":18,"column":49},"end":{"line":43,"column":1}}},"1":{"name":"(anonymous_15)","decl":{"start":{"line":23,"column":24},"end":{"line":23,"column":33}},"loc":{"start":{"line":23,"column":35},"end":{"line":30,"column":null}}},"2":{"name":"(anonymous_16)","decl":{"start":{"line":23,"column":35},"end":{"line":23,"column":null}},"loc":{"start":{"line":23,"column":35},"end":{"line":30,"column":2}}},"3":{"name":"(anonymous_17)","decl":{"start":{"line":26,"column":3},"end":{"line":26,"column":4}},"loc":{"start":{"line":26,"column":67},"end":{"line":26,"column":108}}},"4":{"name":"(anonymous_18)","decl":{"start":{"line":32,"column":11},"end":{"line":32,"column":14}},"loc":{"start":{"line":32,"column":16},"end":{"line":35,"column":2}}},"5":{"name":"(anonymous_19)","decl":{"start":{"line":34,"column":24},"end":{"line":34,"column":27}},"loc":{"start":{"line":34,"column":30},"end":{"line":34,"column":49}}}},"branchMap":{"0":{"loc":{"start":{"line":37,"column":1},"end":{"line":37,"column":null}},"type":"if","locations":[{"start":{"line":37,"column":1},"end":{"line":37,"column":null}}]}},"s":{"0":2,"1":2,"2":2,"3":2,"4":2,"5":2,"6":0,"7":0,"8":0,"9":0,"10":0,"11":0,"12":0,"13":0,"14":0,"15":0,"16":0,"17":0,"18":0,"19":0,"20":0,"21":0,"22":2,"23":2},"f":{"0":0,"1":0,"2":0,"3":0,"4":0,"5":0},"b":{"0":[0]}}
,"/Users/tylerengel/Desktop/Dice_Bank/bank_v2/app/javascript/hooks/useApiCall.ts": {"path":"/Users/tylerengel/Desktop/Dice_Bank/bank_v2/app/javascript/hooks/useApiCall.ts","statementMap":{"0":{"start":{"line":1,"column":0},"end":{"line":1,"column":25}},"1":{"start":{"line":2,"column":0},"end":{"line":2,"column":41}},"2":{"start":{"line":4,"column":13},"end":{"line":8,"column":null}},"3":{"start":{"line":20,"column":21},"end":{"line":20,"column":50}},"4":{"start":{"line":21,"column":2},"end":{"line":21,"column":null}},"5":{"start":{"line":22,"column":2},"end":{"line":26,"column":null}},"6":{"start":{"line":23,"column":4},"end":{"line":25,"column":null}},"7":{"start":{"line":24,"column":6},"end":{"line":24,"column":null}},"8":{"start":{"line":28,"column":2},"end":{"line":36,"column":null}},"9":{"start":{"line":29,"column":23},"end":{"line":29,"column":65}},"10":{"start":{"line":29,"column":29},"end":{"line":29,"column":65}},"11":{"start":{"line":30,"column":6},"end":{"line":35,"column":null}},"12":{"start":{"line":31,"column":19},"end":{"line":31,"column":71}},"13":{"start":{"line":32,"column":8},"end":{"line":32,"column":null}},"14":{"start":{"line":34,"column":8},"end":{"line":34,"column":null}},"15":{"start":{"line":19,"column":0},"end":{"line":19,"column":24}}},"fnMap":{"0":{"name":"useApiCall","decl":{"start":{"line":19,"column":24},"end":{"line":19,"column":34}},"loc":{"start":{"line":19,"column":34},"end":{"line":37,"column":1}}},"1":{"name":"(anonymous_9)","decl":{"start":{"line":22,"column":12},"end":{"line":22,"column":15}},"loc":{"start":{"line":22,"column":17},"end":{"line":26,"column":3}}},"2":{"name":"(anonymous_10)","decl":{"start":{"line":23,"column":11},"end":{"line":23,"column":14}},"loc":{"start":{"line":23,"column":16},"end":{"line":25,"column":5}}},"3":{"name":"(anonymous_11)","decl":{"start":{"line":28,"column":9},"end":{"line":28,"column":24}},"loc":{"start":{"line":28,"column":61},"end":{"line":36,"column":null}}},"4":{"name":"(anonymous_13)","decl":{"start":{"line":29,"column":23},"end":{"line":29,"column":26}},"loc":{"start":{"line":29,"column":29},"end":{"line":29,"column":65}}}},"branchMap":{"0":{"loc":{"start":{"line":29,"column":29},"end":{"line":29,"column":65}},"type":"binary-expr","locations":[{"start":{"line":29,"column":29},"end":{"line":29,"column":42}},{"start":{"line":29,"column":42},"end":{"line":29,"column":65}}]},"1":{"loc":{"start":{"line":29,"column":29},"end":{"line":29,"column":42}},"type":"cond-expr","locations":[{"start":{"line":29,"column":36},"end":{"line":29,"column":38}},{"start":{"line":29,"column":29},"end":{"line":29,"column":42}}]},"2":{"loc":{"start":{"line":29,"column":29},"end":{"line":29,"column":38}},"type":"binary-expr","locations":[{"start":{"line":29,"column":29},"end":{"line":29,"column":38}},{"start":{"line":29,"column":29},"end":{"line":29,"column":38}}]}},"s":{"0":6,"1":6,"2":6,"3":18,"4":18,"5":18,"6":17,"7":17,"8":18,"9":4,"10":4,"11":4,"12":4,"13":4,"14":0,"15":6},"f":{"0":18,"1":17,"2":17,"3":4,"4":4},"b":{"0":[4,4],"1":[0,4],"2":[4,4]}}
,"/Users/tylerengel/Desktop/Dice_Bank/bank_v2/app/javascript/hooks/useApp.tsx": {"path":"/Users/tylerengel/Desktop/Dice_Bank/bank_v2/app/javascript/hooks/useApp.tsx","statementMap":{"0":{"start":{"line":1,"column":0},"end":{"line":1,"column":34}},"1":{"start":{"line":2,"column":0},"end":{"line":2,"column":69}},"2":{"start":{"line":5,"column":82},"end":{"line":5,"column":104}},"3":{"start":{"line":6,"column":2},"end":{"line":6,"column":null}},"4":{"start":{"line":4,"column":0},"end":{"line":4,"column":24}}},"fnMap":{"0":{"name":"useHomePage","decl":{"start":{"line":4,"column":24},"end":{"line":4,"column":35}},"loc":{"start":{"line":4,"column":35},"end":{"line":7,"column":1}}}},"branchMap":{},"s":{"0":6,"1":6,"2":24,"3":24,"4":6},"f":{"0":24},"b":{}}
,"/Users/tylerengel/Desktop/Dice_Bank/bank_v2/app/javascript/hooks/useHomePage.tsx": {"path":"/Users/tylerengel/Desktop/Dice_Bank/bank_v2/app/javascript/hooks/useHomePage.tsx","statementMap":{"0":{"start":{"line":1,"column":0},"end":{"line":1,"column":34}},"1":{"start":{"line":2,"column":0},"end":{"line":2,"column":71}},"2":{"start":{"line":5,"column":54},"end":{"line":5,"column":81}},"3":{"start":{"line":6,"column":2},"end":{"line":6,"column":null}},"4":{"start":{"line":4,"column":0},"end":{"line":4,"column":24}}},"fnMap":{"0":{"name":"useHomePage","decl":{"start":{"line":4,"column":24},"end":{"line":4,"column":35}},"loc":{"start":{"line":4,"column":35},"end":{"line":7,"column":1}}}},"branchMap":{},"s":{"0":2,"1":2,"2":2,"3":2,"4":2},"f":{"0":2},"b":{}}
}
