TN:
SF:app/javascript/components/header/Header.tsx
FN:9,Header
FN:21,(anonymous_2)
FNF:2
FNH:2
FNDA:6,Header
FNDA:2,(anonymous_2)
DA:1,1
DA:2,1
DA:3,1
DA:4,1
DA:5,1
DA:6,1
DA:7,1
DA:9,1
DA:10,6
DA:11,6
DA:13,6
DA:21,2
LF:12
LH:12
BRDA:21,0,0,1
BRDA:21,0,1,1
BRDA:25,1,0,3
BRDA:25,1,1,3
BRF:4
BRH:4
end_of_record
TN:
SF:app/javascript/components/header/HeaderMenu.tsx
FN:16,HeaderMenu
FN:25,(anonymous_15)
FN:31,(anonymous_16)
FN:37,(anonymous_17)
FN:43,(anonymous_18)
FN:49,(anonymous_19)
FN:55,(anonymous_20)
FN:61,(anonymous_21)
FN:63,(anonymous_22)
FN:63,(anonymous_23)
FN:64,(anonymous_24)
FN:74,(anonymous_25)
FN:75,(anonymous_26)
FN:77,(anonymous_27)
FN:78,(anonymous_28)
FN:83,(anonymous_29)
FN:84,(anonymous_30)
FN:95,(anonymous_31)
FNF:18
FNH:5
FNDA:4,HeaderMenu
FNDA:0,(anonymous_15)
FNDA:0,(anonymous_16)
FNDA:0,(anonymous_17)
FNDA:0,(anonymous_18)
FNDA:0,(anonymous_19)
FNDA:0,(anonymous_20)
FNDA:0,(anonymous_21)
FNDA:0,(anonymous_22)
FNDA:0,(anonymous_23)
FNDA:0,(anonymous_24)
FNDA:1,(anonymous_25)
FNDA:0,(anonymous_26)
FNDA:4,(anonymous_27)
FNDA:0,(anonymous_28)
FNDA:28,(anonymous_29)
FNDA:0,(anonymous_30)
FNDA:1,(anonymous_31)
DA:1,1
DA:2,1
DA:3,1
DA:4,1
DA:5,1
DA:6,1
DA:7,1
DA:8,1
DA:9,1
DA:16,1
DA:17,4
DA:18,4
DA:19,4
DA:20,4
DA:22,4
DA:26,0
DA:32,0
DA:38,0
DA:44,0
DA:50,0
DA:56,0
DA:62,0
DA:63,0
DA:64,0
DA:65,0
DA:66,0
DA:67,0
DA:68,0
DA:74,4
DA:75,4
DA:77,4
DA:78,4
DA:79,0
DA:80,0
DA:83,4
DA:84,28
DA:91,4
DA:95,1
LF:38
LH:23
BRF:0
BRH:0
end_of_record
TN:
SF:app/javascript/components/home_page/HeroImg.tsx
FN:4,HeroImg
FN:5,(anonymous_2)
FNF:2
FNH:2
FNDA:2,HeroImg
FNDA:6,(anonymous_2)
DA:1,2
DA:2,2
DA:4,2
DA:5,6
DA:7,2
LF:5
LH:5
BRF:0
BRH:0
end_of_record
TN:
SF:app/javascript/components/home_page/HomePage.tsx
FN:5,HomePage
FNF:1
FNH:1
FNDA:1,HomePage
DA:1,1
DA:2,1
DA:3,1
DA:5,1
DA:7,1
LF:5
LH:5
BRF:0
BRH:0
end_of_record
TN:
SF:app/javascript/components/home_page/ServiceBlurbs.tsx
FN:8,ServiceBlurbs
FN:12,(anonymous_8)
FN:21,(anonymous_9)
FN:35,ServiceCard
FN:37,(anonymous_11)
FNF:5
FNH:2
FNDA:2,ServiceBlurbs
FNDA:2,(anonymous_8)
FNDA:0,(anonymous_9)
FNDA:0,ServiceCard
FNDA:0,(anonymous_11)
DA:1,2
DA:2,2
DA:4,2
DA:5,2
DA:8,2
DA:9,2
DA:10,2
DA:12,2
DA:14,2
DA:22,0
DA:36,0
DA:37,0
DA:39,0
LF:13
LH:9
BRDA:10,0,0,2
BRDA:10,0,1,2
BRDA:12,1,0,0
BRDA:12,2,0,2
BRDA:12,2,1,0
BRDA:43,3,0,0
BRDA:43,3,1,0
BRF:7
BRH:3
end_of_record
TN:
SF:app/javascript/components/login/LoginForm.tsx
FN:8,LoginForm
FN:21,(anonymous_15)
FN:22,(anonymous_16)
FN:24,(anonymous_17)
FN:32,(anonymous_18)
FN:32,(anonymous_19)
FNF:6
FNH:6
FNDA:9,LoginForm
FNDA:2,(anonymous_15)
FNDA:2,(anonymous_16)
FNDA:4,(anonymous_17)
FNDA:2,(anonymous_18)
FNDA:2,(anonymous_19)
DA:1,3
DA:2,3
DA:3,3
DA:4,3
DA:5,3
DA:8,3
DA:9,9
DA:10,9
DA:11,9
DA:13,9
DA:14,9
DA:16,9
DA:17,9
DA:19,9
DA:21,9
DA:22,9
DA:24,9
DA:25,4
DA:26,0
DA:27,0
DA:29,4
DA:32,9
DA:33,2
DA:34,2
DA:35,2
DA:37,2
DA:47,2
DA:48,2
DA:50,2
DA:51,2
DA:52,2
DA:53,2
DA:56,9
LF:33
LH:31
BRDA:25,0,0,0
BRDA:25,1,0,4
BRDA:25,1,1,4
BRDA:34,2,0,0
BRDA:35,3,0,0
BRDA:47,4,0,0
BRDA:47,5,0,0
BRDA:47,5,1,2
BRDA:47,6,0,2
BRDA:47,6,1,2
BRDA:47,7,0,0
BRDA:47,7,1,0
BRDA:47,8,0,0
BRDA:47,8,1,0
BRDA:50,9,0,0
BRDA:90,10,0,9
BRDA:90,10,1,0
BRF:17
BRH:6
end_of_record
TN:
SF:app/javascript/components/login/LoginModal.tsx
FN:6,LoginModal
FN:10,(anonymous_8)
FN:11,(anonymous_9)
FN:18,(anonymous_10)
FNF:4
FNH:4
FNDA:13,LoginModal
FNDA:2,(anonymous_8)
FNDA:1,(anonymous_9)
FNDA:4,(anonymous_10)
DA:1,2
DA:2,2
DA:3,2
DA:4,2
DA:6,2
DA:7,13
DA:8,13
DA:10,13
DA:11,13
DA:13,13
DA:18,4
LF:11
LH:11
BRDA:8,0,0,13
BRDA:8,0,1,0
BRDA:8,0,2,13
BRDA:32,1,0,1
BRDA:32,1,1,12
BRDA:36,2,0,1
BRDA:36,2,1,12
BRDA:43,3,0,1
BRDA:43,3,1,12
BRDA:45,4,0,1
BRDA:45,4,1,12
BRF:11
BRH:10
end_of_record
TN:
SF:app/javascript/components/login/RegisterForm.tsx
FN:8,RegisterForm
FN:24,(anonymous_15)
FN:25,(anonymous_16)
FN:26,(anonymous_17)
FN:28,(anonymous_18)
FN:36,(anonymous_19)
FN:36,(anonymous_20)
FNF:7
FNH:7
FNDA:5,RegisterForm
FNDA:2,(anonymous_15)
FNDA:2,(anonymous_16)
FNDA:2,(anonymous_17)
FNDA:6,(anonymous_18)
FNDA:2,(anonymous_19)
FNDA:2,(anonymous_20)
DA:1,3
DA:2,3
DA:3,3
DA:4,3
DA:5,3
DA:8,3
DA:9,5
DA:10,5
DA:11,5
DA:13,5
DA:14,5
DA:16,5
DA:17,5
DA:19,5
DA:20,5
DA:22,5
DA:24,5
DA:25,5
DA:26,5
DA:28,5
DA:29,6
DA:30,0
DA:31,0
DA:33,6
DA:36,5
DA:37,2
DA:38,2
DA:39,2
DA:40,2
DA:42,2
DA:56,2
DA:57,2
DA:59,2
DA:60,2
DA:61,2
DA:62,2
DA:65,5
LF:37
LH:35
BRDA:29,0,0,0
BRDA:29,1,0,6
BRDA:29,1,1,6
BRDA:38,2,0,0
BRDA:39,3,0,0
BRDA:40,4,0,0
BRDA:56,5,0,0
BRDA:59,6,0,0
BRDA:115,7,0,5
BRDA:115,7,1,0
BRF:10
BRH:3
end_of_record
TN:
SF:app/javascript/contexts/AppProvider.tsx
FN:25,(anonymous_14)
FN:34,(anonymous_15)
FN:40,(anonymous_16)
FN:46,(anonymous_17)
FN:52,(anonymous_18)
FN:52,(anonymous_19)
FN:65,(anonymous_20)
FN:69,(anonymous_21)
FNF:8
FNH:1
FNDA:0,(anonymous_14)
FNDA:4,(anonymous_15)
FNDA:0,(anonymous_16)
FNDA:0,(anonymous_17)
FNDA:0,(anonymous_18)
FNDA:0,(anonymous_19)
FNDA:0,(anonymous_20)
FNDA:0,(anonymous_21)
DA:1,6
DA:2,6
DA:23,6
DA:24,6
DA:25,6
DA:27,6
DA:28,6
DA:34,6
DA:35,6
DA:36,6
DA:40,6
DA:41,0
DA:42,0
DA:43,0
DA:44,0
DA:46,0
DA:47,0
DA:48,0
DA:49,0
DA:52,0
DA:53,0
DA:54,0
DA:55,0
DA:56,0
DA:57,0
DA:58,0
DA:60,0
DA:61,0
DA:65,0
DA:66,0
DA:67,0
DA:68,0
DA:69,0
DA:70,0
DA:74,0
DA:82,0
DA:89,6
LF:37
LH:12
BRDA:29,0,0,6
BRDA:29,0,1,0
BRDA:32,1,0,6
BRDA:32,1,1,0
BRDA:53,2,0,0
BRDA:56,3,0,0
BRF:6
BRH:2
end_of_record
TN:
SF:app/javascript/contexts/HomePageProvider.tsx
FN:18,(anonymous_14)
FN:23,(anonymous_15)
FN:23,(anonymous_16)
FN:26,(anonymous_17)
FN:32,(anonymous_18)
FN:34,(anonymous_19)
FNF:6
FNH:0
FNDA:0,(anonymous_14)
FNDA:0,(anonymous_15)
FNDA:0,(anonymous_16)
FNDA:0,(anonymous_17)
FNDA:0,(anonymous_18)
FNDA:0,(anonymous_19)
DA:1,2
DA:2,2
DA:3,2
DA:14,2
DA:15,2
DA:18,2
DA:19,0
DA:20,0
DA:21,0
DA:23,0
DA:24,0
DA:25,0
DA:26,0
DA:29,0
DA:32,0
DA:33,0
DA:34,0
DA:37,0
DA:38,0
DA:45,2
LF:20
LH:7
BRDA:37,0,0,0
BRF:1
BRH:0
end_of_record
TN:
SF:app/javascript/hooks/useApiCall.ts
FN:19,useApiCall
FN:22,(anonymous_9)
FN:23,(anonymous_10)
FN:28,(anonymous_11)
FN:29,(anonymous_13)
FNF:5
FNH:5
FNDA:18,useApiCall
FNDA:17,(anonymous_9)
FNDA:17,(anonymous_10)
FNDA:4,(anonymous_11)
FNDA:4,(anonymous_13)
DA:1,6
DA:2,6
DA:4,6
DA:19,6
DA:20,18
DA:21,18
DA:22,18
DA:23,17
DA:24,17
DA:28,18
DA:29,4
DA:30,4
DA:31,4
DA:32,4
DA:34,0
LF:15
LH:14
BRDA:29,0,0,4
BRDA:29,0,1,4
BRDA:29,1,0,0
BRDA:29,1,1,4
BRDA:29,2,0,4
BRDA:29,2,1,4
BRF:6
BRH:5
end_of_record
TN:
SF:app/javascript/hooks/useApp.tsx
FN:4,useHomePage
FNF:1
FNH:1
FNDA:24,useHomePage
DA:1,6
DA:2,6
DA:4,6
DA:5,24
DA:6,24
LF:5
LH:5
BRF:0
BRH:0
end_of_record
TN:
SF:app/javascript/hooks/useHomePage.tsx
FN:4,useHomePage
FNF:1
FNH:1
FNDA:2,useHomePage
DA:1,2
DA:2,2
DA:4,2
DA:5,2
DA:6,2
LF:5
LH:5
BRF:0
BRH:0
end_of_record
